{"/home/coffee/Documents/up-skills/src/app.jsx": {"path":"/home/coffee/Documents/up-skills/src/app.jsx","statementMap":{"0":{"start":{"line":7,"column":12},"end":{"line":11,"column":1}},"1":{"start":{"line":8,"column":2},"end":{"line":10,"column":4}}},"fnMap":{"0":{"name":"(anonymous_0)","decl":{"start":{"line":7,"column":12},"end":{"line":7,"column":13}},"loc":{"start":{"line":7,"column":18},"end":{"line":11,"column":1}},"line":7}},"branchMap":{},"s":{"0":0,"1":0},"f":{"0":0},"b":{},"hash":"fefbb359ca49d48d91ddcde997628b2e7b25bb81"}
,"/home/coffee/Documents/up-skills/src/actions/actionTypes.js": {"path":"/home/coffee/Documents/up-skills/src/actions/actionTypes.js","statementMap":{"0":{"start":{"line":1,"column":34},"end":{"line":1,"column":54}}},"fnMap":{},"branchMap":{},"s":{"0":0},"f":{},"b":{},"hash":"b91ed5f6eae5f6b0d811a139e72897fca13c069b"}
,"/home/coffee/Documents/up-skills/src/actions/index.js": {"path":"/home/coffee/Documents/up-skills/src/actions/index.js","statementMap":{"0":{"start":{"line":3,"column":27},"end":{"line":6,"column":4}},"1":{"start":{"line":3,"column":37},"end":{"line":6,"column":3}}},"fnMap":{"0":{"name":"(anonymous_0)","decl":{"start":{"line":3,"column":27},"end":{"line":3,"column":28}},"loc":{"start":{"line":3,"column":37},"end":{"line":6,"column":3}},"line":3}},"branchMap":{},"s":{"0":0,"1":0},"f":{"0":0},"b":{},"hash":"5ba3d41ab58100a8815c2bc158cfd21e0e657a9f"}
,"/home/coffee/Documents/up-skills/src/components/Header/Header.jsx": {"path":"/home/coffee/Documents/up-skills/src/components/Header/Header.jsx","statementMap":{"0":{"start":{"line":12,"column":18},"end":{"line":12,"column":29}},"1":{"start":{"line":14,"column":2},"end":{"line":28,"column":4}}},"fnMap":{"0":{"name":"ButtonAppBar","decl":{"start":{"line":11,"column":24},"end":{"line":11,"column":36}},"loc":{"start":{"line":11,"column":39},"end":{"line":29,"column":1}},"line":11}},"branchMap":{},"s":{"0":3,"1":3},"f":{"0":3},"b":{},"_coverageSchema":"43e27e138ebf9cfc5966b082cf9a028302ed4184","hash":"f0601d526aeb8a29eb1d17a00f270044fff35c09"}
,"/home/coffee/Documents/up-skills/src/components/Header/Style.js": {"path":"/home/coffee/Documents/up-skills/src/components/Header/Style.js","statementMap":{"0":{"start":{"line":3,"column":18},"end":{"line":13,"column":5}},"1":{"start":{"line":3,"column":39},"end":{"line":13,"column":3}}},"fnMap":{"0":{"name":"(anonymous_0)","decl":{"start":{"line":3,"column":29},"end":{"line":3,"column":30}},"loc":{"start":{"line":3,"column":39},"end":{"line":13,"column":3}},"line":3}},"branchMap":{},"s":{"0":1,"1":3},"f":{"0":3},"b":{},"_coverageSchema":"43e27e138ebf9cfc5966b082cf9a028302ed4184","hash":"2bc0626f1dbf348a620dcf9b6493df62d77b86b8"}
,"/home/coffee/Documents/up-skills/src/components/Title/Style.js": {"path":"/home/coffee/Documents/up-skills/src/components/Title/Style.js","statementMap":{"0":{"start":{"line":3,"column":18},"end":{"line":7,"column":5}},"1":{"start":{"line":3,"column":39},"end":{"line":7,"column":3}}},"fnMap":{"0":{"name":"(anonymous_0)","decl":{"start":{"line":3,"column":29},"end":{"line":3,"column":30}},"loc":{"start":{"line":3,"column":39},"end":{"line":7,"column":3}},"line":3}},"branchMap":{},"s":{"0":1,"1":4},"f":{"0":4},"b":{},"_coverageSchema":"43e27e138ebf9cfc5966b082cf9a028302ed4184","hash":"4b4287f659ca4b82c8fb0f668c80d86bcbc70e70"}
,"/home/coffee/Documents/up-skills/src/components/Title/Title.jsx": {"path":"/home/coffee/Documents/up-skills/src/components/Title/Title.jsx","statementMap":{"0":{"start":{"line":7,"column":18},"end":{"line":7,"column":29}},"1":{"start":{"line":10,"column":2},"end":{"line":20,"column":4}},"2":{"start":{"line":23,"column":0},"end":{"line":26,"column":2}},"3":{"start":{"line":28,"column":0},"end":{"line":30,"column":1}}},"fnMap":{"0":{"name":"Title","decl":{"start":{"line":6,"column":24},"end":{"line":6,"column":29}},"loc":{"start":{"line":6,"column":37},"end":{"line":21,"column":1}},"line":6}},"branchMap":{},"s":{"0":4,"1":4,"2":1,"3":1},"f":{"0":4},"b":{},"_coverageSchema":"43e27e138ebf9cfc5966b082cf9a028302ed4184","hash":"45d6831017946c6afc2d9ebec5ab3e241c946978"}
,"/home/coffee/Documents/up-skills/src/components/screens/Home.jsx": {"path":"/home/coffee/Documents/up-skills/src/components/screens/Home.jsx","statementMap":{"0":{"start":{"line":8,"column":13},"end":{"line":21,"column":1}},"1":{"start":{"line":9,"column":36},"end":{"line":9,"column":41}},"2":{"start":{"line":10,"column":38},"end":{"line":10,"column":50}},"3":{"start":{"line":12,"column":22},"end":{"line":14,"column":3}},"4":{"start":{"line":13,"column":4},"end":{"line":13,"column":38}},"5":{"start":{"line":16,"column":2},"end":{"line":20,"column":4}},"6":{"start":{"line":23,"column":24},"end":{"line":25,"column":2}},"7":{"start":{"line":23,"column":34},"end":{"line":25,"column":1}},"8":{"start":{"line":27,"column":27},"end":{"line":29,"column":2}},"9":{"start":{"line":27,"column":40},"end":{"line":29,"column":1}}},"fnMap":{"0":{"name":"(anonymous_0)","decl":{"start":{"line":8,"column":13},"end":{"line":8,"column":14}},"loc":{"start":{"line":8,"column":22},"end":{"line":21,"column":1}},"line":8},"1":{"name":"(anonymous_1)","decl":{"start":{"line":12,"column":22},"end":{"line":12,"column":23}},"loc":{"start":{"line":12,"column":31},"end":{"line":14,"column":3}},"line":12},"2":{"name":"(anonymous_2)","decl":{"start":{"line":23,"column":24},"end":{"line":23,"column":25}},"loc":{"start":{"line":23,"column":34},"end":{"line":25,"column":1}},"line":23},"3":{"name":"(anonymous_3)","decl":{"start":{"line":27,"column":27},"end":{"line":27,"column":28}},"loc":{"start":{"line":27,"column":40},"end":{"line":29,"column":1}},"line":27}},"branchMap":{},"s":{"0":0,"1":0,"2":0,"3":0,"4":0,"5":0,"6":0,"7":0,"8":0,"9":0},"f":{"0":0,"1":0,"2":0,"3":0},"b":{},"hash":"84cd1df994b9538a779fd2da26040ac4c12dcbec"}
,"/home/coffee/Documents/up-skills/src/reducers/clickReducer.js": {"path":"/home/coffee/Documents/up-skills/src/reducers/clickReducer.js","statementMap":{"0":{"start":{"line":3,"column":21},"end":{"line":5,"column":3}},"1":{"start":{"line":7,"column":30},"end":{"line":17,"column":3}},"2":{"start":{"line":8,"column":4},"end":{"line":16,"column":5}},"3":{"start":{"line":10,"column":8},"end":{"line":13,"column":10}},"4":{"start":{"line":15,"column":8},"end":{"line":15,"column":21}}},"fnMap":{"0":{"name":"(anonymous_0)","decl":{"start":{"line":7,"column":30},"end":{"line":7,"column":31}},"loc":{"start":{"line":7,"column":64},"end":{"line":17,"column":3}},"line":7}},"branchMap":{"0":{"loc":{"start":{"line":7,"column":31},"end":{"line":7,"column":51}},"type":"default-arg","locations":[{"start":{"line":7,"column":39},"end":{"line":7,"column":51}}],"line":7},"1":{"loc":{"start":{"line":8,"column":4},"end":{"line":16,"column":5}},"type":"switch","locations":[{"start":{"line":9,"column":6},"end":{"line":13,"column":10}},{"start":{"line":14,"column":6},"end":{"line":15,"column":21}}],"line":8}},"s":{"0":0,"1":0,"2":0,"3":0,"4":0},"f":{"0":0},"b":{"0":[0],"1":[0,0]},"hash":"292d4e647dfc28a5a5ba909e58cb6513481c8116"}
,"/home/coffee/Documents/up-skills/src/reducers/index.js": {"path":"/home/coffee/Documents/up-skills/src/reducers/index.js","statementMap":{"0":{"start":{"line":4,"column":24},"end":{"line":6,"column":2}}},"fnMap":{},"branchMap":{},"s":{"0":0},"f":{},"b":{},"hash":"76a7d180cd628de8411647a7ca610c72f744c87d"}
,"/home/coffee/Documents/up-skills/src/store/index.js": {"path":"/home/coffee/Documents/up-skills/src/store/index.js","statementMap":{"0":{"start":{"line":3,"column":21},"end":{"line":3,"column":42}}},"fnMap":{},"branchMap":{},"s":{"0":0},"f":{},"b":{},"hash":"5b9cc636ef965bd271ca33457ffa1a33e117116c"}
}
